<?xml version="1.0" encoding="UTF-8"?>
<!-- Generated by org.testng.reporters.JUnitReportReporter -->
<testsuite hostname="DESKTOP-B3B1BPQ" failures="0" tests="2" name="endtoend.tests.SubmitOrder" time="121.564" errors="0" timestamp="10 May 2023 22:47:49 GMT" skipped="0">
  <testcase classname="endtoend.tests.SubmitOrder" name="submitOrder" time="59.014"/>
  <testcase classname="endtoend.tests.SubmitOrder" name="submitOrder" time="62.550"/>
</testsuite> <!-- endtoend.tests.SubmitOrder -->
