<?xml version="1.0" encoding="UTF-8"?>
<!-- Generated by org.testng.reporters.JUnitReportReporter -->
<testsuite hostname="DESKTOP-B3B1BPQ" failures="0" tests="1" name="cucumber.TestNGTestRunner" time="96.438" errors="0" timestamp="17 May 2023 06:03:58 GMT" skipped="0">
  <testcase classname="cucumber.TestNGTestRunner" name="runScenario" time="96.438"/>
</testsuite> <!-- cucumber.TestNGTestRunner -->
