<?xml version="1.0" encoding="UTF-8"?>
<!-- Generated by org.testng.reporters.JUnitReportReporter -->
<testsuite hostname="DESKTOP-B3B1BPQ" failures="0" tests="2" name="endtoend.tests.ErrorValidations" time="154.017" errors="0" timestamp="11 May 2023 00:59:42 GMT" skipped="0">
  <testcase classname="endtoend.tests.ErrorValidations" name="LoginErrorValidation" time="86.541"/>
  <testcase classname="endtoend.tests.ErrorValidations" name="ProductErrorValidation" time="67.476"/>
</testsuite> <!-- endtoend.tests.ErrorValidations -->
