<?xml version="1.0" encoding="UTF-8"?>
<!-- Generated by org.testng.reporters.JUnitReportReporter -->
<testsuite hostname="DESKTOP-B3B1BPQ" failures="0" tests="3" name="endtoend.tests.SubmitOrder" time="221.949" errors="0" timestamp="11 May 2023 00:59:41 GMT" skipped="0">
  <testcase classname="endtoend.tests.SubmitOrder" name="submitOrder" time="53.736"/>
  <testcase classname="endtoend.tests.SubmitOrder" name="submitOrder" time="78.212"/>
  <testcase classname="endtoend.tests.SubmitOrder" name="OrderHistoryTest" time="90.001"/>
</testsuite> <!-- endtoend.tests.SubmitOrder -->
